<?xml version="1.0" encoding="UTF-8"?>
<testsuite name="Tests" tests="6" skipped="0" failures="0" errors="0" timestamp="2025-12-08T13:48:08" hostname="DESKTOP-QJJ8IGM" time="0.038">
  <properties/>
  <testcase name="[1] [66], [false]" classname="Tests" time="0.024"/>
  <testcase name="[2] [25], [true]" classname="Tests" time="0.001"/>
  <testcase name="[3] [11], [false]" classname="Tests" time="0.001"/>
  <testcase name="[4] [18], [true]" classname="Tests" time="0.001"/>
  <testcase name="[5] [65], [true]" classname="Tests" time="0.002"/>
  <testcase name="[6] [66], [false]" classname="Tests" time="0.002"/>
  <system-out><![CDATA[]]></system-out>
  <system-err><![CDATA[]]></system-err>
</testsuite>
