<?xml version="1.0" encoding="UTF-8"?>
<testsuite name="Tests" tests="4" skipped="0" failures="0" errors="0" timestamp="2025-12-01T22:07:05" hostname="DESKTOP-QJJ8IGM" time="0.029">
  <properties/>
  <testcase name="[1] [50.0, 5], [2.5, 47.5]" classname="Tests" time="0.022"/>
  <testcase name="[2] [50, 10], [5.0, 45.0]" classname="Tests" time="0.001"/>
  <testcase name="[3] [100, 20], [20.0, 80.0]" classname="Tests" time="0.001"/>
  <testcase name="[4] [75, 15], [11.25, 63.75]" classname="Tests" time="0.001"/>
  <system-out><![CDATA[]]></system-out>
  <system-err><![CDATA[]]></system-err>
</testsuite>
