<?xml version="1.0" encoding="UTF-8"?>
<testsuite name="Tests" tests="5" skipped="0" failures="0" errors="0" timestamp="2025-12-08T13:49:12" hostname="DESKTOP-QJJ8IGM" time="0.032">
  <properties/>
  <testcase name="[1] [2000], [true]" classname="Tests" time="0.022"/>
  <testcase name="[2] [1900], [false]" classname="Tests" time="0.001"/>
  <testcase name="[3] [2024], [true]" classname="Tests" time="0.001"/>
  <testcase name="[4] [2021], [false]" classname="Tests" time="0.001"/>
  <testcase name="[5] [1600], [true]" classname="Tests" time="0.001"/>
  <system-out><![CDATA[]]></system-out>
  <system-err><![CDATA[]]></system-err>
</testsuite>
