<?xml version="1.0" encoding="UTF-8"?>
<testsuite name="Tests" tests="4" skipped="0" failures="0" errors="0" timestamp="2025-12-08T13:47:00" hostname="DESKTOP-QJJ8IGM" time="0.031">
  <properties/>
  <testcase name="[1] [100.0, 200.0], [false]" classname="Tests" time="0.025"/>
  <testcase name="[2] [350.0, 254.99], [true]" classname="Tests" time="0.001"/>
  <testcase name="[3] [356.0, 550.55], [false]" classname="Tests" time="0.001"/>
  <testcase name="[4] [1000.0, 900.0], [true]" classname="Tests" time="0.0"/>
  <system-out><![CDATA[]]></system-out>
  <system-err><![CDATA[]]></system-err>
</testsuite>
