<?xml version="1.0" encoding="UTF-8"?>
<testsuite name="Tests" tests="6" skipped="0" failures="0" errors="0" timestamp="2025-12-08T13:48:04" hostname="DESKTOP-QJJ8IGM" time="0.035">
  <properties/>
  <testcase name="[1] [18, true, true], [true]" classname="Tests" time="0.022"/>
  <testcase name="[2] [20, false, true], [true]" classname="Tests" time="0.002"/>
  <testcase name="[3] [16, true, false], [true]" classname="Tests" time="0.001"/>
  <testcase name="[4] [16, false, false], [false]" classname="Tests" time="0.001"/>
  <testcase name="[5] [18, true, false], [true]" classname="Tests" time="0.001"/>
  <testcase name="[6] [14, true, false], [false]" classname="Tests" time="0.001"/>
  <system-out><![CDATA[]]></system-out>
  <system-err><![CDATA[]]></system-err>
</testsuite>
