<?xml version="1.0" encoding="UTF-8"?>
<testsuite name="Tests" tests="4" skipped="0" failures="0" errors="0" timestamp="2025-12-01T22:02:19" hostname="DESKTOP-QJJ8IGM" time="0.028">
  <properties/>
  <testcase name="[1] 5, 9" classname="Tests" time="0.021"/>
  <testcase name="[2] 10, 14" classname="Tests" time="0.001"/>
  <testcase name="[3] 0, 4" classname="Tests" time="0.001"/>
  <testcase name="[4] 3, 7" classname="Tests" time="0.0"/>
  <system-out><![CDATA[]]></system-out>
  <system-err><![CDATA[]]></system-err>
</testsuite>
