<?xml version="1.0" encoding="UTF-8"?>
<testsuite name="Tests" tests="4" skipped="0" failures="0" errors="0" timestamp="2025-12-01T22:01:29" hostname="DESKTOP-QJJ8IGM" time="0.027">
  <properties/>
  <testcase name="[1] 15, 18" classname="Tests" time="0.021"/>
  <testcase name="[2] 5, 8" classname="Tests" time="0.001"/>
  <testcase name="[3] 100, 103" classname="Tests" time="0.001"/>
  <testcase name="[4] 3, 6" classname="Tests" time="0.001"/>
  <system-out><![CDATA[]]></system-out>
  <system-err><![CDATA[]]></system-err>
</testsuite>
